2026-06-07 11:36:25 - Add req_uninstall.cpython-310.pyc
2026-06-07 09:10:46 - Add mbcsgroupprober.py
2026-06-07 10:51:59 - Add colors.cpython-310.pyc
2026-06-07 19:09:43 - Add pretty.cpython-310.pyc
2026-06-07 16:15:44 - Add req_command.py
2026-06-07 10:04:08 - Add segment.cpython-310.pyc
2026-06-07 08:49:16 - Add pangomarkup.cpython-310.pyc
2026-06-07 15:54:12 - Add markers.cpython-310.pyc
2026-06-07 09:48:24 - Add latin1prober.py
2026-06-07 18:42:57 - Add abc.py
2026-06-07 16:37:53 - Add __init__.py
2026-06-07 14:16:59 - Add __init__.py
2026-06-07 15:44:47 - Add meta.cpython-310.pyc
2026-06-07 11:49:32 - Add api.py
2026-06-07 09:23:58 - Add filesystem.py
2026-06-07 10:01:28 - Add util.py
2026-06-07 13:32:51 - Add version.py
2026-06-07 08:55:20 - Add wheel.cpython-310.pyc
2026-06-07 17:13:53 - Add __init__.cpython-310.pyc
2026-06-07 11:08:45 - Add t64-arm.exe
2026-06-07 12:24:19 - Add chardistribution.cpython-310.pyc
2026-06-07 08:41:39 - Add factory.py
2026-06-07 14:06:17 - Add irc.py
2026-06-07 12:55:34 - Add pager.cpython-310.pyc
2026-06-07 08:13:26 - Add core.py
2026-06-07 15:12:39 - Add _inspect.cpython-310.pyc
2026-06-07 10:40:13 - Add screen.cpython-310.pyc
2026-06-07 12:16:33 - Add fields.py
2026-06-07 18:16:56 - Add __init__.cpython-310.pyc
2026-06-07 19:01:40 - Add reviews.py
2026-06-07 09:17:35 - Add request.py
2026-06-07 09:36:46 - Add pyproject.py
2026-06-07 20:52:37 - Add _musllinux.cpython-310.pyc
2026-06-07 13:17:10 - Add __init__.cpython-310.pyc
2026-06-07 20:50:32 - Add wait.py
2026-06-07 19:53:20 - Add __init__.cpython-310.pyc
2026-06-07 15:04:45 - Add exceptions.py
2026-06-07 14:39:09 - Add _utils.py
2026-06-07 15:25:16 - Add inject_meta_charset.py
2026-06-07 18:06:18 - Add __init__.py
2026-06-07 15:20:00 - Add __init__.cpython-310.pyc
2026-06-07 15:45:59 - Add __init__.py
2026-06-07 20:06:13 - Add __init__.cpython-310.pyc
2026-06-07 10:30:43 - Add base_command.py
2026-06-07 08:51:45 - Add reporters.cpython-310.pyc
2026-06-07 15:58:32 - Add reporter.py
2026-06-07 18:14:20 - Add mbcharsetprober.cpython-310.pyc
2026-06-07 20:01:19 - Add langhebrewmodel.cpython-310.pyc
2026-06-07 18:37:55 - Add command_context.py
2026-06-07 14:12:46 - Add hooks.py
2026-06-07 19:47:24 - Add collector.cpython-310.pyc
2026-06-07 13:23:23 - Add exceptions.cpython-310.pyc
2026-06-07 20:52:35 - Add stop.cpython-310.pyc
2026-06-07 10:33:31 - Add deprecation.py
2026-06-07 13:00:08 - Add found_candidates.py
2026-06-07 16:49:17 - Add main.py
2026-06-07 19:55:38 - Add sjisprober.py
2026-06-07 16:18:08 - Add __init__.py
2026-06-07 09:14:56 - Add __version__.py
2026-06-07 20:06:33 - Add check.cpython-310.pyc
2026-06-07 09:03:48 - Add wheel_editable.cpython-310.pyc
2026-06-07 20:16:51 - Add download.py
2026-06-07 12:27:40 - Add compat.cpython-310.pyc
2026-06-07 11:40:47 - Add eucjpprober.py
2026-06-07 10:09:44 - Add __init__.py
2026-06-07 09:38:12 - Add __init__.cpython-310.pyc
2026-06-07 18:43:11 - Add subprocess.cpython-310.pyc
2026-06-07 13:00:24 - Add console.py
2026-06-07 08:49:23 - Add _emoji_codes.cpython-310.pyc
2026-06-07 20:19:01 - Add regexopt.cpython-310.pyc
2026-06-07 15:33:13 - Add __init__.py
2026-06-07 10:09:24 - Add locators.py
2026-06-07 18:10:13 - Add resolver.py
2026-06-07 16:44:16 - Add filewrapper.py
2026-06-07 17:33:42 - Add modeline.cpython-310.pyc
2026-06-07 15:52:27 - Add base.py
2026-06-07 18:47:35 - Add candidates.cpython-310.pyc
2026-06-07 11:07:08 - Add __init__.py
2026-06-07 17:55:01 - Add download.cpython-310.pyc
2026-06-07 11:03:21 - Add chardetect.cpython-310.pyc
2026-06-07 08:45:35 - Add show.cpython-310.pyc
2026-06-07 17:22:51 - Add freeze.cpython-310.pyc
2026-06-07 08:43:54 - Add cookies.py
2026-06-07 20:35:53 - Add exceptions.cpython-310.pyc
2026-06-07 09:32:14 - Add pretty.py
2026-06-07 11:28:50 - Add egg_link.py
2026-06-07 16:04:16 - Add utils.py
2026-06-07 16:17:44 - Add ext.cpython-310.pyc
2026-06-07 11:22:10 - Add filesize.cpython-310.pyc
2026-06-07 20:58:14 - Add direct_url.cpython-310.pyc
2026-06-07 14:06:13 - Add tornadoweb.py
2026-06-07 17:38:18 - Add dirtools.cpython-310.pyc
2026-06-07 16:06:16 - Add lazy_wheel.py
2026-06-07 19:17:49 - Add __init__.py
2026-06-07 15:32:56 - Add utf8prober.cpython-310.pyc
2026-06-07 18:44:53 - Add db.py
2026-06-07 19:31:54 - Add inject_meta_charset.cpython-310.pyc
2026-06-07 19:13:05 - Add jupyter.cpython-310.pyc
2026-06-07 14:36:35 - Add autocompletion.py
2026-06-07 20:55:53 - Add python.py
2026-06-07 10:41:28 - Add database.py
2026-06-07 09:15:02 - Add req_uninstall.py
2026-06-07 10:30:40 - Add completion.cpython-310.pyc
2026-06-07 19:20:42 - Add freeze.cpython-310.pyc
2026-06-07 14:08:38 - Add main_parser.cpython-310.pyc
2026-06-07 20:38:50 - Add encoding.py
2026-06-07 20:46:34 - Add debug.cpython-310.pyc
2026-06-07 20:12:44 - Add __init__.py
2026-06-07 18:53:14 - Add intranges.cpython-310.pyc
2026-06-07 08:47:01 - Add repr.py
2026-06-07 11:48:30 - Add compat.cpython-310.pyc
2026-06-08 09:04:42 - Add _ratio.cpython-310.pyc
2026-06-08 08:35:37 - Add __main__.cpython-310.pyc
2026-06-08 14:34:02 - Add colorlog.cpython-310.pyc
2026-06-08 15:20:15 - Add controller.cpython-310.pyc
2026-06-08 14:53:04 - Add requirements.cpython-310.pyc
2026-06-08 10:15:24 - Add mbcsgroupprober.cpython-310.pyc
2026-06-08 18:47:45 - Add pager.py
2026-06-08 17:51:55 - Add _wrap.py
2026-06-08 13:02:01 - Add mbcssm.cpython-310.pyc
2026-06-08 18:06:42 - Add found_candidates.cpython-310.pyc
2026-06-08 11:25:57 - Add check.py
2026-06-08 11:42:37 - Add _ihatexml.py
2026-06-08 15:58:59 - Add __init__.cpython-310.pyc
2026-06-08 13:09:43 - Add __init__.cpython-310.pyc
2026-06-08 14:51:35 - Add markers.cpython-310.pyc
2026-06-08 20:10:20 - Add pangomarkup.py
2026-06-08 14:56:43 - Add cp949prober.py
2026-06-08 17:06:38 - Add latin1prober.cpython-310.pyc
2026-06-08 10:34:34 - Add cache.cpython-310.pyc
2026-06-08 15:43:56 - Add uts46data.cpython-310.pyc
2026-06-08 17:06:04 - Add entrypoints.py
2026-06-08 19:57:39 - Add freeze.py
2026-06-08 18:18:25 - Add __init__.cpython-310.pyc
2026-06-08 08:50:02 - Add compat.cpython-310.pyc
2026-06-08 10:59:18 - Add t32.exe
2026-06-08 09:08:41 - Add __main__.py
2026-06-08 13:29:40 - Add _mapping.py
2026-06-08 15:41:24 - Add candidate.py
2026-06-08 18:24:02 - Add formatter.py
2026-06-08 15:45:29 - Add sbcharsetprober.py
2026-06-08 14:51:25 - Add gb2312freq.cpython-310.pyc
2026-06-08 09:19:48 - Add traceback.cpython-310.pyc
2026-06-08 11:21:02 - Add wheel_editable.py
2026-06-08 11:35:10 - Add lazy_wheel.cpython-310.pyc
2026-06-08 14:34:51 - Add req_set.cpython-310.pyc
2026-06-08 10:03:41 - Add status_codes.py
2026-06-08 12:50:29 - Add markup.py
2026-06-08 10:09:04 - Add _inspect.py
2026-06-08 17:17:21 - Add alphabeticalattributes.cpython-310.pyc
2026-06-08 11:33:47 - Add list.py
2026-06-08 10:44:39 - Add serializer.cpython-310.pyc
2026-06-08 19:32:27 - Add plugin.py
2026-06-08 19:06:23 - Add panel.cpython-310.pyc
2026-06-08 09:56:20 - Add wheel.cpython-310.pyc
2026-06-08 16:43:59 - Add providers.py
2026-06-08 09:12:08 - Add protocol.py
2026-06-08 20:09:04 - Add escsm.py
2026-06-08 13:44:17 - Add _in_process.cpython-310.pyc
2026-06-08 12:59:23 - Add diagnose.cpython-310.pyc
2026-06-08 12:04:02 - Add helpers.py
2026-06-08 20:35:17 - Add dom.py
2026-06-08 13:24:07 - Add freeze.py
2026-06-08 19:45:14 - Add pkg_resources.cpython-310.pyc
2026-06-08 18:22:04 - Add control.cpython-310.pyc
2026-06-08 09:14:59 - Add windows.cpython-310.pyc
2026-06-08 12:00:44 - Add metadata_legacy.py
2026-06-08 14:54:45 - Add layout.py
2026-06-08 12:50:58 - Add main.cpython-310.pyc
2026-06-08 08:21:56 - Add __init__.py
2026-06-08 13:45:10 - Add compat.cpython-310.pyc
2026-06-08 18:37:28 - Add style.cpython-310.pyc
2026-06-08 14:38:11 - Add latex.cpython-310.pyc
2026-06-08 10:13:43 - Add _asyncio.cpython-310.pyc
2026-06-08 19:07:10 - Add adapters.cpython-310.pyc
2026-06-08 17:15:29 - Add self_outdated_check.cpython-310.pyc
2026-06-08 08:02:30 - Add terminal.cpython-310.pyc
2026-06-08 15:42:36 - Add plugin.cpython-310.pyc
2026-06-08 10:38:18 - Add _emoji_replace.py
2026-06-08 09:13:35 - Add base.cpython-310.pyc
2026-06-08 20:00:43 - Add _palettes.cpython-310.pyc
2026-06-08 12:40:34 - Add scheme.py
2026-06-08 10:47:13 - Add uts46data.py
2026-06-08 15:49:56 - Add spinner.cpython-310.pyc
2026-06-08 19:24:23 - Add w64-arm.exe
2026-06-08 11:14:12 - Add genshi.py
2026-06-08 18:10:47 - Add search.py
2026-06-08 13:49:50 - Add xmlrpc.cpython-310.pyc
2026-06-08 08:27:59 - Add base.py
2026-06-08 19:52:40 - Add _cell_widths.cpython-310.pyc
2026-06-08 19:00:03 - Add helpers.cpython-310.pyc
2026-06-08 14:45:02 - Add wheel.py
2026-06-08 15:38:49 - Add distutils_args.cpython-310.pyc
2026-06-08 15:33:06 - Add unix.cpython-310.pyc
2026-06-08 14:14:12 - Add columns.cpython-310.pyc
2026-06-08 14:37:35 - Add format_control.py
2026-06-08 15:36:53 - Add version.cpython-310.pyc
2026-06-08 20:51:02 - Add prepare.py
2026-06-08 10:59:27 - Add langbulgarianmodel.cpython-310.pyc
2026-06-08 20:42:26 - Add jpcntx.py
2026-06-08 17:59:53 - Add gb2312prober.py
2026-06-08 12:58:40 - Add __version__.cpython-310.pyc
2026-06-08 09:18:55 - Add ansi.cpython-310.pyc
2026-06-08 09:46:08 - Add version.py
2026-06-08 09:13:56 - Add __init__.py
2026-06-08 14:25:51 - Add constructors.cpython-310.pyc
2026-06-08 13:42:55 - Add __init__.cpython-310.pyc
2026-06-08 15:33:26 - Add langbulgarianmodel.py
2026-06-08 09:10:54 - Add configuration.cpython-310.pyc
2026-06-08 14:34:33 - Add sjisprober.cpython-310.pyc
